<?xml version="1.0" encoding="UTF-8"?>
<!-- Generated by org.testng.reporters.JUnitReportReporter -->
<testsuite hostname="DESKTOP-1QBSVOI" failures="0" tests="1" name="com.inetbankingv1.testcases.TC_AddNewCustomerTest_003" time="15.249" errors="0" timestamp="11 Apr 2022 20:00:08 GMT" skipped="0">
  <testcase classname="com.inetbankingv1.testcases.TC_AddNewCustomerTest_003" name="addNewCustomer" time="15.249"/>
</testsuite> <!-- com.inetbankingv1.testcases.TC_AddNewCustomerTest_003 -->
